0 verbose cli /usr/local/bin/node /usr/local/bin/npm
1 info using npm@10.9.2
2 info using node@v22.17.0
3 silly config load:file:/usr/local/lib/node_modules/npm/npmrc
4 silly config load:file:/Users/sachingopalakrishnan/Downloads/mr_mrs_waffles(client.1)/.npmrc
5 silly config load:file:/Users/sachingopalakrishnan/.npmrc
6 silly config load:file:/usr/local/etc/npmrc
7 verbose title npm install
8 verbose argv "install" "--cache" "./npm-cache" "--legacy-peer-deps" "--no-audit" "--no-fund" "--force"
9 verbose logfile logs-max:10 dir:/Users/sachingopalakrishnan/Downloads/mr_mrs_waffles(client.1)/npm-cache/_logs/2026-03-19T06_21_36_210Z-
10 verbose logfile /Users/sachingopalakrishnan/Downloads/mr_mrs_waffles(client.1)/npm-cache/_logs/2026-03-19T06_21_36_210Z-debug-0.log
11 warn using --force Recommended protections disabled.
12 silly logfile done cleaning log files
13 silly packumentCache heap:4345298944 maxSize:1086324736 maxEntrySize:543162368
14 silly idealTree buildDeps
15 silly fetch manifest autoprefixer@^10.4.18
16 silly packumentCache full:https://registry.npmjs.org/autoprefixer cache-miss
17 http fetch GET 200 https://registry.npmjs.org/autoprefixer 408ms (cache miss)
18 silly packumentCache full:https://registry.npmjs.org/autoprefixer set size:undefined disposed:false
19 silly placeDep ROOT autoprefixer@10.4.27 OK for: mr-mrs-waffles@0.1.0 want: ^10.4.18
20 silly fetch manifest browserslist@^4.28.1
21 silly packumentCache full:https://registry.npmjs.org/browserslist cache-miss
22 silly fetch manifest fraction.js@^5.3.4
23 silly packumentCache full:https://registry.npmjs.org/fraction.js cache-miss
24 http fetch GET 200 https://registry.npmjs.org/browserslist 124ms (cache miss)
25 silly packumentCache full:https://registry.npmjs.org/browserslist set size:undefined disposed:false
26 http fetch GET 200 https://registry.npmjs.org/fraction.js 244ms (cache miss)
27 silly packumentCache full:https://registry.npmjs.org/fraction.js set size:undefined disposed:false
28 silly placeDep ROOT browserslist@4.28.1 OK for: autoprefixer@10.4.27 want: ^4.28.1
29 silly placeDep ROOT fraction.js@5.3.4 OK for: autoprefixer@10.4.27 want: ^5.3.4
30 silly fetch manifest baseline-browser-mapping@^2.9.0
31 silly packumentCache full:https://registry.npmjs.org/baseline-browser-mapping cache-miss
32 silly fetch manifest electron-to-chromium@^1.5.263
33 silly packumentCache full:https://registry.npmjs.org/electron-to-chromium cache-miss
34 silly fetch manifest node-releases@^2.0.27
35 silly packumentCache full:https://registry.npmjs.org/node-releases cache-miss
36 silly fetch manifest update-browserslist-db@^1.2.0
37 silly packumentCache full:https://registry.npmjs.org/update-browserslist-db cache-miss
38 http fetch GET 200 https://registry.npmjs.org/baseline-browser-mapping 90ms (cache miss)
39 silly packumentCache full:https://registry.npmjs.org/baseline-browser-mapping set size:undefined disposed:false
40 http fetch GET 200 https://registry.npmjs.org/update-browserslist-db 360ms (cache miss)
41 silly packumentCache full:https://registry.npmjs.org/update-browserslist-db set size:undefined disposed:false
42 http fetch GET 200 https://registry.npmjs.org/node-releases 461ms (cache miss)
43 silly packumentCache full:https://registry.npmjs.org/node-releases set size:undefined disposed:false
44 http fetch GET 200 https://registry.npmjs.org/electron-to-chromium 533ms (cache miss)
45 silly packumentCache full:https://registry.npmjs.org/electron-to-chromium set size:undefined disposed:false
46 silly placeDep ROOT baseline-browser-mapping@2.10.8 OK for: browserslist@4.28.1 want: ^2.9.0
47 silly placeDep ROOT electron-to-chromium@1.5.321 OK for: browserslist@4.28.1 want: ^1.5.263
48 silly placeDep ROOT node-releases@2.0.36 OK for: browserslist@4.28.1 want: ^2.0.27
49 silly placeDep ROOT update-browserslist-db@1.2.3 OK for: browserslist@4.28.1 want: ^1.2.0
50 silly fetch manifest escalade@^3.2.0
51 silly packumentCache full:https://registry.npmjs.org/escalade cache-miss
52 http fetch GET 200 https://registry.npmjs.org/escalade 92ms (cache miss)
53 silly packumentCache full:https://registry.npmjs.org/escalade set size:undefined disposed:false
54 silly placeDep ROOT escalade@3.2.0 OK for: update-browserslist-db@1.2.3 want: ^3.2.0
55 silly reify moves {}
56 verbose reify failed optional dependency /Users/sachingopalakrishnan/Downloads/mr_mrs_waffles(client.1)/node_modules/@unrs/resolver-binding-win32-x64-msvc
57 silly reify mark deleted [
57 silly reify   '/Users/sachingopalakrishnan/Downloads/mr_mrs_waffles(client.1)/node_modules/@unrs/resolver-binding-win32-x64-msvc'
57 silly reify ]
58 verbose reify failed optional dependency /Users/sachingopalakrishnan/Downloads/mr_mrs_waffles(client.1)/node_modules/@unrs/resolver-binding-win32-ia32-msvc
59 silly reify mark deleted [
59 silly reify   '/Users/sachingopalakrishnan/Downloads/mr_mrs_waffles(client.1)/node_modules/@unrs/resolver-binding-win32-ia32-msvc'
59 silly reify ]
60 verbose reify failed optional dependency /Users/sachingopalakrishnan/Downloads/mr_mrs_waffles(client.1)/node_modules/@unrs/resolver-binding-win32-arm64-msvc
61 silly reify mark deleted [
61 silly reify   '/Users/sachingopalakrishnan/Downloads/mr_mrs_waffles(client.1)/node_modules/@unrs/resolver-binding-win32-arm64-msvc'
61 silly reify ]
62 verbose reify failed optional dependency /Users/sachingopalakrishnan/Downloads/mr_mrs_waffles(client.1)/node_modules/@unrs/resolver-binding-wasm32-wasi
63 silly reify mark deleted [
63 silly reify   '/Users/sachingopalakrishnan/Downloads/mr_mrs_waffles(client.1)/node_modules/@unrs/resolver-binding-wasm32-wasi'
63 silly reify ]
64 verbose reify failed optional dependency /Users/sachingopalakrishnan/Downloads/mr_mrs_waffles(client.1)/node_modules/@napi-rs/wasm-runtime
65 silly reify mark deleted [
65 silly reify   '/Users/sachingopalakrishnan/Downloads/mr_mrs_waffles(client.1)/node_modules/@napi-rs/wasm-runtime'
65 silly reify ]
66 verbose reify failed optional dependency /Users/sachingopalakrishnan/Downloads/mr_mrs_waffles(client.1)/node_modules/@emnapi/core
67 silly reify mark deleted [
67 silly reify   '/Users/sachingopalakrishnan/Downloads/mr_mrs_waffles(client.1)/node_modules/@emnapi/core'
67 silly reify ]
68 verbose reify failed optional dependency /Users/sachingopalakrishnan/Downloads/mr_mrs_waffles(client.1)/node_modules/@tybys/wasm-util
69 silly reify mark deleted [
69 silly reify   '/Users/sachingopalakrishnan/Downloads/mr_mrs_waffles(client.1)/node_modules/@tybys/wasm-util'
69 silly reify ]
70 verbose reify failed optional dependency /Users/sachingopalakrishnan/Downloads/mr_mrs_waffles(client.1)/node_modules/@emnapi/wasi-threads
71 silly reify mark deleted [
71 silly reify   '/Users/sachingopalakrishnan/Downloads/mr_mrs_waffles(client.1)/node_modules/@emnapi/wasi-threads'
71 silly reify ]
72 verbose reify failed optional dependency /Users/sachingopalakrishnan/Downloads/mr_mrs_waffles(client.1)/node_modules/@unrs/resolver-binding-linux-x64-musl
73 silly reify mark deleted [
73 silly reify   '/Users/sachingopalakrishnan/Downloads/mr_mrs_waffles(client.1)/node_modules/@unrs/resolver-binding-linux-x64-musl'
73 silly reify ]
74 verbose reify failed optional dependency /Users/sachingopalakrishnan/Downloads/mr_mrs_waffles(client.1)/node_modules/@unrs/resolver-binding-linux-x64-gnu
75 silly reify mark deleted [
75 silly reify   '/Users/sachingopalakrishnan/Downloads/mr_mrs_waffles(client.1)/node_modules/@unrs/resolver-binding-linux-x64-gnu'
75 silly reify ]
76 verbose reify failed optional dependency /Users/sachingopalakrishnan/Downloads/mr_mrs_waffles(client.1)/node_modules/@unrs/resolver-binding-linux-s390x-gnu
77 silly reify mark deleted [
77 silly reify   '/Users/sachingopalakrishnan/Downloads/mr_mrs_waffles(client.1)/node_modules/@unrs/resolver-binding-linux-s390x-gnu'
77 silly reify ]
78 verbose reify failed optional dependency /Users/sachingopalakrishnan/Downloads/mr_mrs_waffles(client.1)/node_modules/@unrs/resolver-binding-linux-riscv64-musl
79 silly reify mark deleted [
79 silly reify   '/Users/sachingopalakrishnan/Downloads/mr_mrs_waffles(client.1)/node_modules/@unrs/resolver-binding-linux-riscv64-musl'
79 silly reify ]
80 verbose reify failed optional dependency /Users/sachingopalakrishnan/Downloads/mr_mrs_waffles(client.1)/node_modules/@unrs/resolver-binding-linux-riscv64-gnu
81 silly reify mark deleted [
81 silly reify   '/Users/sachingopalakrishnan/Downloads/mr_mrs_waffles(client.1)/node_modules/@unrs/resolver-binding-linux-riscv64-gnu'
81 silly reify ]
82 verbose reify failed optional dependency /Users/sachingopalakrishnan/Downloads/mr_mrs_waffles(client.1)/node_modules/@unrs/resolver-binding-linux-ppc64-gnu
83 silly reify mark deleted [
83 silly reify   '/Users/sachingopalakrishnan/Downloads/mr_mrs_waffles(client.1)/node_modules/@unrs/resolver-binding-linux-ppc64-gnu'
83 silly reify ]
84 verbose reify failed optional dependency /Users/sachingopalakrishnan/Downloads/mr_mrs_waffles(client.1)/node_modules/@unrs/resolver-binding-linux-arm64-musl
85 silly reify mark deleted [
85 silly reify   '/Users/sachingopalakrishnan/Downloads/mr_mrs_waffles(client.1)/node_modules/@unrs/resolver-binding-linux-arm64-musl'
85 silly reify ]
86 verbose reify failed optional dependency /Users/sachingopalakrishnan/Downloads/mr_mrs_waffles(client.1)/node_modules/@unrs/resolver-binding-linux-arm64-gnu
87 silly reify mark deleted [
87 silly reify   '/Users/sachingopalakrishnan/Downloads/mr_mrs_waffles(client.1)/node_modules/@unrs/resolver-binding-linux-arm64-gnu'
87 silly reify ]
88 verbose reify failed optional dependency /Users/sachingopalakrishnan/Downloads/mr_mrs_waffles(client.1)/node_modules/@unrs/resolver-binding-linux-arm-musleabihf
89 silly reify mark deleted [
89 silly reify   '/Users/sachingopalakrishnan/Downloads/mr_mrs_waffles(client.1)/node_modules/@unrs/resolver-binding-linux-arm-musleabihf'
89 silly reify ]
90 verbose reify failed optional dependency /Users/sachingopalakrishnan/Downloads/mr_mrs_waffles(client.1)/node_modules/@unrs/resolver-binding-linux-arm-gnueabihf
91 silly reify mark deleted [
91 silly reify   '/Users/sachingopalakrishnan/Downloads/mr_mrs_waffles(client.1)/node_modules/@unrs/resolver-binding-linux-arm-gnueabihf'
91 silly reify ]
92 verbose reify failed optional dependency /Users/sachingopalakrishnan/Downloads/mr_mrs_waffles(client.1)/node_modules/@unrs/resolver-binding-freebsd-x64
93 silly reify mark deleted [
93 silly reify   '/Users/sachingopalakrishnan/Downloads/mr_mrs_waffles(client.1)/node_modules/@unrs/resolver-binding-freebsd-x64'
93 silly reify ]
94 verbose reify failed optional dependency /Users/sachingopalakrishnan/Downloads/mr_mrs_waffles(client.1)/node_modules/@unrs/resolver-binding-darwin-x64
95 silly reify mark deleted [
95 silly reify   '/Users/sachingopalakrishnan/Downloads/mr_mrs_waffles(client.1)/node_modules/@unrs/resolver-binding-darwin-x64'
95 silly reify ]
96 verbose reify failed optional dependency /Users/sachingopalakrishnan/Downloads/mr_mrs_waffles(client.1)/node_modules/@unrs/resolver-binding-android-arm64
97 silly reify mark deleted [
97 silly reify   '/Users/sachingopalakrishnan/Downloads/mr_mrs_waffles(client.1)/node_modules/@unrs/resolver-binding-android-arm64'
97 silly reify ]
98 verbose reify failed optional dependency /Users/sachingopalakrishnan/Downloads/mr_mrs_waffles(client.1)/node_modules/@unrs/resolver-binding-android-arm-eabi
99 silly reify mark deleted [
99 silly reify   '/Users/sachingopalakrishnan/Downloads/mr_mrs_waffles(client.1)/node_modules/@unrs/resolver-binding-android-arm-eabi'
99 silly reify ]
100 verbose reify failed optional dependency /Users/sachingopalakrishnan/Downloads/mr_mrs_waffles(client.1)/node_modules/@next/swc-win32-x64-msvc
101 silly reify mark deleted [
101 silly reify   '/Users/sachingopalakrishnan/Downloads/mr_mrs_waffles(client.1)/node_modules/@next/swc-win32-x64-msvc'
101 silly reify ]
102 verbose reify failed optional dependency /Users/sachingopalakrishnan/Downloads/mr_mrs_waffles(client.1)/node_modules/@next/swc-win32-arm64-msvc
103 silly reify mark deleted [
103 silly reify   '/Users/sachingopalakrishnan/Downloads/mr_mrs_waffles(client.1)/node_modules/@next/swc-win32-arm64-msvc'
103 silly reify ]
104 verbose reify failed optional dependency /Users/sachingopalakrishnan/Downloads/mr_mrs_waffles(client.1)/node_modules/@next/swc-linux-x64-musl
105 silly reify mark deleted [
105 silly reify   '/Users/sachingopalakrishnan/Downloads/mr_mrs_waffles(client.1)/node_modules/@next/swc-linux-x64-musl'
105 silly reify ]
106 verbose reify failed optional dependency /Users/sachingopalakrishnan/Downloads/mr_mrs_waffles(client.1)/node_modules/@next/swc-linux-x64-gnu
107 silly reify mark deleted [
107 silly reify   '/Users/sachingopalakrishnan/Downloads/mr_mrs_waffles(client.1)/node_modules/@next/swc-linux-x64-gnu'
107 silly reify ]
108 verbose reify failed optional dependency /Users/sachingopalakrishnan/Downloads/mr_mrs_waffles(client.1)/node_modules/@next/swc-linux-arm64-musl
109 silly reify mark deleted [
109 silly reify   '/Users/sachingopalakrishnan/Downloads/mr_mrs_waffles(client.1)/node_modules/@next/swc-linux-arm64-musl'
109 silly reify ]
110 verbose reify failed optional dependency /Users/sachingopalakrishnan/Downloads/mr_mrs_waffles(client.1)/node_modules/@next/swc-linux-arm64-gnu
111 silly reify mark deleted [
111 silly reify   '/Users/sachingopalakrishnan/Downloads/mr_mrs_waffles(client.1)/node_modules/@next/swc-linux-arm64-gnu'
111 silly reify ]
112 verbose reify failed optional dependency /Users/sachingopalakrishnan/Downloads/mr_mrs_waffles(client.1)/node_modules/@next/swc-darwin-x64
113 silly reify mark deleted [
113 silly reify   '/Users/sachingopalakrishnan/Downloads/mr_mrs_waffles(client.1)/node_modules/@next/swc-darwin-x64'
113 silly reify ]
114 verbose reify failed optional dependency /Users/sachingopalakrishnan/Downloads/mr_mrs_waffles(client.1)/node_modules/@img/sharp-win32-x64
115 silly reify mark deleted [
115 silly reify   '/Users/sachingopalakrishnan/Downloads/mr_mrs_waffles(client.1)/node_modules/@img/sharp-win32-x64'
115 silly reify ]
116 verbose reify failed optional dependency /Users/sachingopalakrishnan/Downloads/mr_mrs_waffles(client.1)/node_modules/@img/sharp-win32-ia32
117 silly reify mark deleted [
117 silly reify   '/Users/sachingopalakrishnan/Downloads/mr_mrs_waffles(client.1)/node_modules/@img/sharp-win32-ia32'
117 silly reify ]
118 verbose reify failed optional dependency /Users/sachingopalakrishnan/Downloads/mr_mrs_waffles(client.1)/node_modules/@img/sharp-wasm32
119 silly reify mark deleted [
119 silly reify   '/Users/sachingopalakrishnan/Downloads/mr_mrs_waffles(client.1)/node_modules/@img/sharp-wasm32'
119 silly reify ]
120 verbose reify failed optional dependency /Users/sachingopalakrishnan/Downloads/mr_mrs_waffles(client.1)/node_modules/@img/sharp-linuxmusl-x64
121 silly reify mark deleted [
121 silly reify   '/Users/sachingopalakrishnan/Downloads/mr_mrs_waffles(client.1)/node_modules/@img/sharp-linuxmusl-x64'
121 silly reify ]
122 verbose reify failed optional dependency /Users/sachingopalakrishnan/Downloads/mr_mrs_waffles(client.1)/node_modules/@img/sharp-linuxmusl-arm64
123 silly reify mark deleted [
123 silly reify   '/Users/sachingopalakrishnan/Downloads/mr_mrs_waffles(client.1)/node_modules/@img/sharp-linuxmusl-arm64'
123 silly reify ]
124 verbose reify failed optional dependency /Users/sachingopalakrishnan/Downloads/mr_mrs_waffles(client.1)/node_modules/@img/sharp-linux-x64
125 silly reify mark deleted [
125 silly reify   '/Users/sachingopalakrishnan/Downloads/mr_mrs_waffles(client.1)/node_modules/@img/sharp-linux-x64'
125 silly reify ]
126 verbose reify failed optional dependency /Users/sachingopalakrishnan/Downloads/mr_mrs_waffles(client.1)/node_modules/@img/sharp-linux-s390x
127 silly reify mark deleted [
127 silly reify   '/Users/sachingopalakrishnan/Downloads/mr_mrs_waffles(client.1)/node_modules/@img/sharp-linux-s390x'
127 silly reify ]
128 verbose reify failed optional dependency /Users/sachingopalakrishnan/Downloads/mr_mrs_waffles(client.1)/node_modules/@img/sharp-linux-arm64
129 silly reify mark deleted [
129 silly reify   '/Users/sachingopalakrishnan/Downloads/mr_mrs_waffles(client.1)/node_modules/@img/sharp-linux-arm64'
129 silly reify ]
130 verbose reify failed optional dependency /Users/sachingopalakrishnan/Downloads/mr_mrs_waffles(client.1)/node_modules/@img/sharp-linux-arm
131 silly reify mark deleted [
131 silly reify   '/Users/sachingopalakrishnan/Downloads/mr_mrs_waffles(client.1)/node_modules/@img/sharp-linux-arm'
131 silly reify ]
132 verbose reify failed optional dependency /Users/sachingopalakrishnan/Downloads/mr_mrs_waffles(client.1)/node_modules/@img/sharp-libvips-linuxmusl-x64
133 silly reify mark deleted [
133 silly reify   '/Users/sachingopalakrishnan/Downloads/mr_mrs_waffles(client.1)/node_modules/@img/sharp-libvips-linuxmusl-x64'
133 silly reify ]
134 verbose reify failed optional dependency /Users/sachingopalakrishnan/Downloads/mr_mrs_waffles(client.1)/node_modules/@img/sharp-libvips-linuxmusl-arm64
135 silly reify mark deleted [
135 silly reify   '/Users/sachingopalakrishnan/Downloads/mr_mrs_waffles(client.1)/node_modules/@img/sharp-libvips-linuxmusl-arm64'
135 silly reify ]
136 verbose reify failed optional dependency /Users/sachingopalakrishnan/Downloads/mr_mrs_waffles(client.1)/node_modules/@img/sharp-libvips-linux-x64
137 silly reify mark deleted [
137 silly reify   '/Users/sachingopalakrishnan/Downloads/mr_mrs_waffles(client.1)/node_modules/@img/sharp-libvips-linux-x64'
137 silly reify ]
138 verbose reify failed optional dependency /Users/sachingopalakrishnan/Downloads/mr_mrs_waffles(client.1)/node_modules/@img/sharp-libvips-linux-s390x
139 silly reify mark deleted [
139 silly reify   '/Users/sachingopalakrishnan/Downloads/mr_mrs_waffles(client.1)/node_modules/@img/sharp-libvips-linux-s390x'
139 silly reify ]
140 verbose reify failed optional dependency /Users/sachingopalakrishnan/Downloads/mr_mrs_waffles(client.1)/node_modules/@img/sharp-libvips-linux-arm64
141 silly reify mark deleted [
141 silly reify   '/Users/sachingopalakrishnan/Downloads/mr_mrs_waffles(client.1)/node_modules/@img/sharp-libvips-linux-arm64'
141 silly reify ]
142 verbose reify failed optional dependency /Users/sachingopalakrishnan/Downloads/mr_mrs_waffles(client.1)/node_modules/@img/sharp-libvips-linux-arm
143 silly reify mark deleted [
143 silly reify   '/Users/sachingopalakrishnan/Downloads/mr_mrs_waffles(client.1)/node_modules/@img/sharp-libvips-linux-arm'
143 silly reify ]
144 verbose reify failed optional dependency /Users/sachingopalakrishnan/Downloads/mr_mrs_waffles(client.1)/node_modules/@img/sharp-libvips-darwin-x64
145 silly reify mark deleted [
145 silly reify   '/Users/sachingopalakrishnan/Downloads/mr_mrs_waffles(client.1)/node_modules/@img/sharp-libvips-darwin-x64'
145 silly reify ]
146 verbose reify failed optional dependency /Users/sachingopalakrishnan/Downloads/mr_mrs_waffles(client.1)/node_modules/@img/sharp-darwin-x64
147 silly reify mark deleted [
147 silly reify   '/Users/sachingopalakrishnan/Downloads/mr_mrs_waffles(client.1)/node_modules/@img/sharp-darwin-x64'
147 silly reify ]
148 http cache escalade@https://registry.npmjs.org/escalade/-/escalade-3.2.0.tgz 0ms (cache hit)
149 http cache node-releases@https://registry.npmjs.org/node-releases/-/node-releases-2.0.36.tgz 0ms (cache hit)
150 http cache update-browserslist-db@https://registry.npmjs.org/update-browserslist-db/-/update-browserslist-db-1.2.3.tgz 0ms (cache hit)
151 http cache browserslist@https://registry.npmjs.org/browserslist/-/browserslist-4.28.1.tgz 0ms (cache hit)
152 http cache fraction.js@https://registry.npmjs.org/fraction.js/-/fraction.js-5.3.4.tgz 0ms (cache hit)
153 http cache baseline-browser-mapping@https://registry.npmjs.org/baseline-browser-mapping/-/baseline-browser-mapping-2.10.8.tgz 0ms (cache hit)
154 http cache electron-to-chromium@https://registry.npmjs.org/electron-to-chromium/-/electron-to-chromium-1.5.321.tgz 0ms (cache hit)
155 http cache autoprefixer@https://registry.npmjs.org/autoprefixer/-/autoprefixer-10.4.27.tgz 0ms (cache hit)
156 http cache @emnapi/wasi-threads@https://registry.npmjs.org/@emnapi/wasi-threads/-/wasi-threads-1.2.0.tgz 0ms (cache hit)
157 http cache @tybys/wasm-util@https://registry.npmjs.org/@tybys/wasm-util/-/wasm-util-0.10.1.tgz 0ms (cache hit)
158 http cache @emnapi/core@https://registry.npmjs.org/@emnapi/core/-/core-1.9.0.tgz 0ms (cache hit)
159 http cache @napi-rs/wasm-runtime@https://registry.npmjs.org/@napi-rs/wasm-runtime/-/wasm-runtime-0.2.12.tgz 0ms (cache hit)
160 silly tarball no local data for escalade@https://registry.npmjs.org/escalade/-/escalade-3.2.0.tgz. Extracting by manifest.
161 silly tarball no local data for node-releases@https://registry.npmjs.org/node-releases/-/node-releases-2.0.36.tgz. Extracting by manifest.
162 silly tarball no local data for update-browserslist-db@https://registry.npmjs.org/update-browserslist-db/-/update-browserslist-db-1.2.3.tgz. Extracting by manifest.
163 silly tarball no local data for browserslist@https://registry.npmjs.org/browserslist/-/browserslist-4.28.1.tgz. Extracting by manifest.
164 silly tarball no local data for fraction.js@https://registry.npmjs.org/fraction.js/-/fraction.js-5.3.4.tgz. Extracting by manifest.
165 silly tarball no local data for baseline-browser-mapping@https://registry.npmjs.org/baseline-browser-mapping/-/baseline-browser-mapping-2.10.8.tgz. Extracting by manifest.
166 silly tarball no local data for electron-to-chromium@https://registry.npmjs.org/electron-to-chromium/-/electron-to-chromium-1.5.321.tgz. Extracting by manifest.
167 silly tarball no local data for autoprefixer@https://registry.npmjs.org/autoprefixer/-/autoprefixer-10.4.27.tgz. Extracting by manifest.
168 http fetch GET 200 https://registry.npmjs.org/update-browserslist-db/-/update-browserslist-db-1.2.3.tgz 83ms (cache miss)
169 http fetch GET 200 https://registry.npmjs.org/browserslist/-/browserslist-4.28.1.tgz 92ms (cache miss)
170 http fetch GET 200 https://registry.npmjs.org/escalade/-/escalade-3.2.0.tgz 93ms (cache miss)
171 http fetch GET 200 https://registry.npmjs.org/node-releases/-/node-releases-2.0.36.tgz 102ms (cache miss)
172 http fetch GET 200 https://registry.npmjs.org/fraction.js/-/fraction.js-5.3.4.tgz 234ms (cache miss)
173 http fetch GET 200 https://registry.npmjs.org/autoprefixer/-/autoprefixer-10.4.27.tgz 243ms (cache miss)
174 http fetch GET 200 https://registry.npmjs.org/baseline-browser-mapping/-/baseline-browser-mapping-2.10.8.tgz 247ms (cache miss)
175 http fetch GET 200 https://registry.npmjs.org/electron-to-chromium/-/electron-to-chromium-1.5.321.tgz 265ms (cache miss)
176 silly ADD node_modules/escalade
177 silly ADD node_modules/update-browserslist-db
178 silly ADD node_modules/node-releases
179 silly ADD node_modules/electron-to-chromium
180 silly ADD node_modules/baseline-browser-mapping
181 silly ADD node_modules/fraction.js
182 silly ADD node_modules/browserslist
183 silly ADD node_modules/autoprefixer
184 silly ADD
185 silly ADD
186 silly ADD
187 silly ADD
188 silly ADD
189 silly ADD
190 silly ADD
191 silly ADD
192 silly ADD
193 silly ADD
194 silly ADD
195 silly ADD
196 silly ADD
197 silly ADD
198 silly ADD
199 silly ADD
200 silly ADD
201 silly ADD
202 silly ADD
203 silly ADD
204 silly ADD
205 silly ADD
206 silly ADD
207 silly ADD
208 silly ADD
209 silly ADD
210 silly ADD
211 silly ADD
212 silly ADD
213 silly ADD
214 silly ADD
215 silly ADD
216 silly ADD
217 silly ADD
218 silly ADD
219 silly ADD
220 silly ADD
221 silly ADD
222 silly ADD
223 silly ADD
224 silly ADD
225 silly ADD
226 silly ADD
227 silly ADD
228 silly ADD
229 silly ADD
230 verbose cwd /Users/sachingopalakrishnan/Downloads/mr_mrs_waffles(client.1)
231 verbose os Darwin 25.3.0
232 verbose node v22.17.0
233 verbose npm  v10.9.2
234 verbose exit 0
235 info ok
