0 verbose cli /usr/local/bin/node /usr/local/bin/npm
1 info using npm@10.9.2
2 info using node@v22.17.0
3 silly config load:file:/usr/local/lib/node_modules/npm/npmrc
4 silly config load:file:/Users/sachingopalakrishnan/Downloads/mr_mrs_waffles(client.1)/.npmrc
5 silly config load:file:/Users/sachingopalakrishnan/.npmrc
6 silly config load:file:/usr/local/etc/npmrc
7 verbose title npm install qrcode.react
8 verbose argv "install" "qrcode.react"
9 verbose logfile logs-max:10 dir:/Users/sachingopalakrishnan/Downloads/mr_mrs_waffles(client.1)/.npm-local/_logs/2026-03-19T09_32_23_529Z-
10 verbose logfile /Users/sachingopalakrishnan/Downloads/mr_mrs_waffles(client.1)/.npm-local/_logs/2026-03-19T09_32_23_529Z-debug-0.log
11 silly logfile done cleaning log files
12 silly packumentCache heap:4345298944 maxSize:1086324736 maxEntrySize:543162368
13 silly idealTree buildDeps
14 silly fetch manifest qrcode.react@*
15 silly packumentCache full:https://registry.npmjs.org/qrcode.react cache-miss
16 http fetch GET 200 https://registry.npmjs.org/qrcode.react 366ms (cache miss)
17 silly packumentCache full:https://registry.npmjs.org/qrcode.react set size:undefined disposed:false
18 silly fetch manifest react@19.0.0
19 silly packumentCache full:https://registry.npmjs.org/react cache-miss
20 http fetch GET 200 https://registry.npmjs.org/react 103ms (cache revalidated)
21 silly packumentCache full:https://registry.npmjs.org/react set size:6551456 disposed:false
22 silly placeDep ROOT qrcode.react@4.2.0 OK for: mr-mrs-waffles@0.1.0 want: *
23 silly reify moves {}
24 silly audit bulk request {
24 silly audit   '@alloc/quick-lru': [ '5.2.0' ],
24 silly audit   '@emnapi/core': [ '1.9.0' ],
24 silly audit   '@emnapi/runtime': [ '1.9.0' ],
24 silly audit   '@emnapi/wasi-threads': [ '1.2.0' ],
24 silly audit   '@eslint-community/eslint-utils': [ '4.9.1' ],
24 silly audit   'eslint-visitor-keys': [ '3.4.3', '5.0.1', '4.2.1' ],
24 silly audit   '@eslint-community/regexpp': [ '4.12.2' ],
24 silly audit   '@eslint/config-array': [ '0.21.2' ],
24 silly audit   '@eslint/config-helpers': [ '0.4.2' ],
24 silly audit   '@eslint/core': [ '0.17.0' ],
24 silly audit   '@eslint/eslintrc': [ '3.3.5' ],
24 silly audit   '@eslint/js': [ '9.39.4' ],
24 silly audit   '@eslint/object-schema': [ '2.1.7' ],
24 silly audit   '@eslint/plugin-kit': [ '0.4.1' ],
24 silly audit   '@fastify/busboy': [ '3.2.0' ],
24 silly audit   '@firebase/ai': [ '2.9.0' ],
24 silly audit   '@firebase/analytics': [ '0.10.20' ],
24 silly audit   '@firebase/analytics-compat': [ '0.2.26' ],
24 silly audit   '@firebase/analytics-types': [ '0.8.3' ],
24 silly audit   '@firebase/app': [ '0.14.9' ],
24 silly audit   '@firebase/app-check': [ '0.11.1' ],
24 silly audit   '@firebase/app-check-compat': [ '0.4.1' ],
24 silly audit   '@firebase/app-check-interop-types': [ '0.3.3' ],
24 silly audit   '@firebase/app-check-types': [ '0.5.3' ],
24 silly audit   '@firebase/app-compat': [ '0.5.9' ],
24 silly audit   '@firebase/app-types': [ '0.9.3' ],
24 silly audit   '@firebase/auth-compat': [ '0.6.3' ],
24 silly audit   '@firebase/auth': [ '1.12.1' ],
24 silly audit   '@firebase/auth-interop-types': [ '0.2.4' ],
24 silly audit   '@firebase/auth-types': [ '0.13.0' ],
24 silly audit   '@firebase/component': [ '0.7.1' ],
24 silly audit   '@firebase/data-connect': [ '0.4.0' ],
24 silly audit   '@firebase/database': [ '1.1.1' ],
24 silly audit   '@firebase/database-compat': [ '2.1.1' ],
24 silly audit   '@firebase/database-types': [ '1.0.17' ],
24 silly audit   '@firebase/firestore': [ '4.12.0' ],
24 silly audit   '@firebase/firestore-compat': [ '0.4.6' ],
24 silly audit   '@firebase/firestore-types': [ '3.0.3' ],
24 silly audit   '@firebase/functions': [ '0.13.2' ],
24 silly audit   '@firebase/functions-compat': [ '0.4.2' ],
24 silly audit   '@firebase/functions-types': [ '0.6.3' ],
24 silly audit   '@firebase/installations': [ '0.6.20' ],
24 silly audit   '@firebase/installations-compat': [ '0.2.20' ],
24 silly audit   '@firebase/installations-types': [ '0.5.3' ],
24 silly audit   '@firebase/logger': [ '0.5.0' ],
24 silly audit   '@firebase/messaging': [ '0.12.24' ],
24 silly audit   '@firebase/messaging-compat': [ '0.2.24' ],
24 silly audit   '@firebase/messaging-interop-types': [ '0.2.3' ],
24 silly audit   '@firebase/performance': [ '0.7.10' ],
24 silly audit   '@firebase/performance-compat': [ '0.2.23' ],
24 silly audit   '@firebase/performance-types': [ '0.2.3' ],
24 silly audit   '@firebase/remote-config': [ '0.8.1' ],
24 silly audit   '@firebase/remote-config-compat': [ '0.2.22' ],
24 silly audit   '@firebase/remote-config-types': [ '0.5.0' ],
24 silly audit   '@firebase/storage': [ '0.14.1' ],
24 silly audit   '@firebase/storage-compat': [ '0.4.1' ],
24 silly audit   '@firebase/storage-types': [ '0.8.3' ],
24 silly audit   '@firebase/util': [ '1.14.0' ],
24 silly audit   '@firebase/webchannel-wrapper': [ '1.0.5' ],
24 silly audit   '@google-cloud/firestore': [ '7.11.6' ],
24 silly audit   '@google-cloud/paginator': [ '5.0.2' ],
24 silly audit   '@google-cloud/projectify': [ '4.0.0' ],
24 silly audit   '@google-cloud/promisify': [ '4.0.0' ],
24 silly audit   '@google-cloud/storage': [ '7.19.0' ],
24 silly audit   'gcp-metadata': [ '6.1.1', '8.1.2' ],
24 silly audit   'google-auth-library': [ '9.15.1', '10.6.2' ],
24 silly audit   'google-logging-utils': [ '0.0.2', '1.1.3' ],
24 silly audit   uuid: [ '8.3.2', '9.0.1', '11.1.0' ],
24 silly audit   '@grpc/grpc-js': [ '1.9.15', '1.14.3' ],
24 silly audit   '@grpc/proto-loader': [ '0.7.15', '0.8.0' ],
24 silly audit   '@humanfs/core': [ '0.19.1' ],
24 silly audit   '@humanfs/node': [ '0.16.7' ],
24 silly audit   '@humanwhocodes/module-importer': [ '1.0.1' ],
24 silly audit   '@humanwhocodes/retry': [ '0.4.3' ],
24 silly audit   '@img/sharp-darwin-arm64': [ '0.33.5' ],
24 silly audit   '@img/sharp-darwin-x64': [ '0.33.5' ],
24 silly audit   '@img/sharp-libvips-darwin-arm64': [ '1.0.4' ],
24 silly audit   '@img/sharp-libvips-darwin-x64': [ '1.0.4' ],
24 silly audit   '@img/sharp-libvips-linux-arm': [ '1.0.5' ],
24 silly audit   '@img/sharp-libvips-linux-arm64': [ '1.0.4' ],
24 silly audit   '@img/sharp-libvips-linux-s390x': [ '1.0.4' ],
24 silly audit   '@img/sharp-libvips-linux-x64': [ '1.0.4' ],
24 silly audit   '@img/sharp-libvips-linuxmusl-arm64': [ '1.0.4' ],
24 silly audit   '@img/sharp-libvips-linuxmusl-x64': [ '1.0.4' ],
24 silly audit   '@img/sharp-linux-arm': [ '0.33.5' ],
24 silly audit   '@img/sharp-linux-arm64': [ '0.33.5' ],
24 silly audit   '@img/sharp-linux-s390x': [ '0.33.5' ],
24 silly audit   '@img/sharp-linux-x64': [ '0.33.5' ],
24 silly audit   '@img/sharp-linuxmusl-arm64': [ '0.33.5' ],
24 silly audit   '@img/sharp-linuxmusl-x64': [ '0.33.5' ],
24 silly audit   '@img/sharp-wasm32': [ '0.33.5' ],
24 silly audit   '@img/sharp-win32-ia32': [ '0.33.5' ],
24 silly audit   '@img/sharp-win32-x64': [ '0.33.5' ],
24 silly audit   '@jridgewell/gen-mapping': [ '0.3.13' ],
24 silly audit   '@jridgewell/resolve-uri': [ '3.1.2' ],
24 silly audit   '@jridgewell/sourcemap-codec': [ '1.5.5' ],
24 silly audit   '@jridgewell/trace-mapping': [ '0.3.31' ],
24 silly audit   '@js-sdsl/ordered-map': [ '4.4.2' ],
24 silly audit   '@napi-rs/wasm-runtime': [ '0.2.12' ],
24 silly audit   '@next/env': [ '15.1.0' ],
24 silly audit   '@next/eslint-plugin-next': [ '15.1.0' ],
24 silly audit   '@next/swc-darwin-arm64': [ '15.1.0' ],
24 silly audit   '@next/swc-darwin-x64': [ '15.1.0' ],
24 silly audit   '@next/swc-linux-arm64-gnu': [ '15.1.0' ],
24 silly audit   '@next/swc-linux-arm64-musl': [ '15.1.0' ],
24 silly audit   '@next/swc-linux-x64-gnu': [ '15.1.0' ],
24 silly audit   '@next/swc-linux-x64-musl': [ '15.1.0' ],
24 silly audit   '@next/swc-win32-arm64-msvc': [ '15.1.0' ],
24 silly audit   '@next/swc-win32-x64-msvc': [ '15.1.0' ],
24 silly audit   '@nodelib/fs.scandir': [ '2.1.5' ],
24 silly audit   '@nodelib/fs.stat': [ '2.0.5' ],
24 silly audit   '@nodelib/fs.walk': [ '1.2.8' ],
24 silly audit   '@nolyfill/is-core-module': [ '1.0.39' ],
24 silly audit   '@opentelemetry/api': [ '1.9.0' ],
24 silly audit   '@protobufjs/aspromise': [ '1.1.2' ],
24 silly audit   '@protobufjs/base64': [ '1.1.2' ],
24 silly audit   '@protobufjs/codegen': [ '2.0.4' ],
24 silly audit   '@protobufjs/eventemitter': [ '1.1.0' ],
24 silly audit   '@protobufjs/fetch': [ '1.1.0' ],
24 silly audit   '@protobufjs/float': [ '1.0.2' ],
24 silly audit   '@protobufjs/inquire': [ '1.1.0' ],
24 silly audit   '@protobufjs/path': [ '1.1.2' ],
24 silly audit   '@protobufjs/pool': [ '1.1.0' ],
24 silly audit   '@protobufjs/utf8': [ '1.1.0' ],
24 silly audit   '@rtsao/scc': [ '1.1.0' ],
24 silly audit   '@rushstack/eslint-patch': [ '1.16.1' ],
24 silly audit   '@supabase/auth-js': [ '2.99.2' ],
24 silly audit   '@supabase/functions-js': [ '2.99.2' ],
24 silly audit   '@supabase/postgrest-js': [ '2.99.2' ],
24 silly audit   '@supabase/realtime-js': [ '2.99.2' ],
24 silly audit   '@supabase/ssr': [ '0.5.2' ],
24 silly audit   '@supabase/storage-js': [ '2.99.2' ],
24 silly audit   '@supabase/supabase-js': [ '2.99.2' ],
24 silly audit   '@swc/counter': [ '0.1.3' ],
24 silly audit   '@swc/helpers': [ '0.5.15' ],
24 silly audit   '@tootallnate/once': [ '2.0.0' ],
24 silly audit   '@tybys/wasm-util': [ '0.10.1' ],
24 silly audit   '@types/caseless': [ '0.12.5' ],
24 silly audit   '@types/cookie': [ '0.6.0' ],
24 silly audit   '@types/estree': [ '1.0.8' ],
24 silly audit   '@types/json-schema': [ '7.0.15' ],
24 silly audit   '@types/json5': [ '0.0.29' ],
24 silly audit   '@types/jsonwebtoken': [ '9.0.10' ],
24 silly audit   '@types/long': [ '4.0.2' ],
24 silly audit   '@types/ms': [ '2.1.0' ],
24 silly audit   '@types/node': [ '20.19.37' ],
24 silly audit   '@types/phoenix': [ '1.6.7' ],
24 silly audit   '@types/react': [ '19.2.14' ],
24 silly audit   '@types/react-dom': [ '19.2.3' ],
24 silly audit   '@types/request': [ '2.48.13' ],
24 silly audit   '@types/tough-cookie': [ '4.0.5' ],
24 silly audit   '@types/ws': [ '8.18.1' ],
24 silly audit   '@typescript-eslint/eslint-plugin': [ '8.57.1' ],
24 silly audit   ignore: [ '7.0.5', '5.3.2' ],
24 silly audit   '@typescript-eslint/parser': [ '8.57.1' ],
24 silly audit   '@typescript-eslint/project-service': [ '8.57.1' ],
24 silly audit   '@typescript-eslint/scope-manager': [ '8.57.1' ],
24 silly audit   '@typescript-eslint/tsconfig-utils': [ '8.57.1' ],
24 silly audit   '@typescript-eslint/type-utils': [ '8.57.1' ],
24 silly audit   '@typescript-eslint/types': [ '8.57.1' ],
24 silly audit   '@typescript-eslint/typescript-estree': [ '8.57.1' ],
24 silly audit   'balanced-match': [ '4.0.4', '1.0.2' ],
24 silly audit   'brace-expansion': [ '5.0.4', '1.1.12' ],
24 silly audit   minimatch: [ '10.2.4', '3.1.5' ],
24 silly audit   '@typescript-eslint/utils': [ '8.57.1' ],
24 silly audit   '@typescript-eslint/visitor-keys': [ '8.57.1' ],
24 silly audit   '@unrs/resolver-binding-android-arm-eabi': [ '1.11.1' ],
24 silly audit   '@unrs/resolver-binding-android-arm64': [ '1.11.1' ],
24 silly audit   '@unrs/resolver-binding-darwin-arm64': [ '1.11.1' ],
24 silly audit   '@unrs/resolver-binding-darwin-x64': [ '1.11.1' ],
24 silly audit   '@unrs/resolver-binding-freebsd-x64': [ '1.11.1' ],
24 silly audit   '@unrs/resolver-binding-linux-arm-gnueabihf': [ '1.11.1' ],
24 silly audit   '@unrs/resolver-binding-linux-arm-musleabihf': [ '1.11.1' ],
24 silly audit   '@unrs/resolver-binding-linux-arm64-gnu': [ '1.11.1' ],
24 silly audit   '@unrs/resolver-binding-linux-arm64-musl': [ '1.11.1' ],
24 silly audit   '@unrs/resolver-binding-linux-ppc64-gnu': [ '1.11.1' ],
24 silly audit   '@unrs/resolver-binding-linux-riscv64-gnu': [ '1.11.1' ],
24 silly audit   '@unrs/resolver-binding-linux-riscv64-musl': [ '1.11.1' ],
24 silly audit   '@unrs/resolver-binding-linux-s390x-gnu': [ '1.11.1' ],
24 silly audit   '@unrs/resolver-binding-linux-x64-gnu': [ '1.11.1' ],
24 silly audit   '@unrs/resolver-binding-linux-x64-musl': [ '1.11.1' ],
24 silly audit   '@unrs/resolver-binding-wasm32-wasi': [ '1.11.1' ],
24 silly audit   '@unrs/resolver-binding-win32-arm64-msvc': [ '1.11.1' ],
24 silly audit   '@unrs/resolver-binding-win32-ia32-msvc': [ '1.11.1' ],
24 silly audit   '@unrs/resolver-binding-win32-x64-msvc': [ '1.11.1' ],
24 silly audit   'abort-controller': [ '3.0.0' ],
24 silly audit   acorn: [ '8.16.0' ],
24 silly audit   'acorn-jsx': [ '5.3.2' ],
24 silly audit   'agent-base': [ '7.1.4', '6.0.2' ],
24 silly audit   ajv: [ '6.14.0' ],
24 silly audit   'ansi-regex': [ '5.0.1' ],
24 silly audit   'ansi-styles': [ '4.3.0' ],
24 silly audit   'any-promise': [ '1.3.0' ],
24 silly audit   anymatch: [ '3.1.3' ],
24 silly audit   picomatch: [ '2.3.1', '4.0.3' ],
24 silly audit   arg: [ '5.0.2' ],
24 silly audit   argparse: [ '2.0.1' ],
24 silly audit   'aria-query': [ '5.3.2' ],
24 silly audit   'array-buffer-byte-length': [ '1.0.2' ],
24 silly audit   'array-includes': [ '3.1.9' ],
24 silly audit   'array.prototype.findlast': [ '1.2.5' ],
24 silly audit   'array.prototype.findlastindex': [ '1.2.6' ],
24 silly audit   'array.prototype.flat': [ '1.3.3' ],
24 silly audit   'array.prototype.flatmap': [ '1.3.3' ],
24 silly audit   'array.prototype.tosorted': [ '1.1.4' ],
24 silly audit   'arraybuffer.prototype.slice': [ '1.0.4' ],
24 silly audit   arrify: [ '2.0.1' ],
24 silly audit   'ast-types-flow': [ '0.0.8' ],
24 silly audit   'async-function': [ '1.0.0' ],
24 silly audit   'async-retry': [ '1.3.3' ],
24 silly audit   asynckit: [ '0.4.0' ],
24 silly audit   autoprefixer: [ '10.4.27' ],
24 silly audit   'available-typed-arrays': [ '1.0.7' ],
24 silly audit   'axe-core': [ '4.11.1' ],
24 silly audit   'axobject-query': [ '4.1.0' ],
24 silly audit   'base64-js': [ '1.5.1' ],
24 silly audit   'baseline-browser-mapping': [ '2.10.8' ],
24 silly audit   'bignumber.js': [ '9.3.1' ],
24 silly audit   'binary-extensions': [ '2.3.0' ],
24 silly audit   braces: [ '3.0.3' ],
24 silly audit   browserslist: [ '4.28.1' ],
24 silly audit   'buffer-equal-constant-time': [ '1.0.1' ],
24 silly audit   busboy: [ '1.6.0' ],
24 silly audit   'call-bind': [ '1.0.8' ],
24 silly audit   'call-bind-apply-helpers': [ '1.0.2' ],
24 silly audit   'call-bound': [ '1.0.4' ],
24 silly audit   callsites: [ '3.1.0' ],
24 silly audit   'camelcase-css': [ '2.0.1' ],
24 silly audit   'caniuse-lite': [ '1.0.30001780' ],
24 silly audit   chalk: [ '4.1.2' ],
24 silly audit   chokidar: [ '3.6.0' ],
24 silly audit   'glob-parent': [ '5.1.2', '6.0.2' ],
24 silly audit   'client-only': [ '0.0.1' ],
24 silly audit   cliui: [ '8.0.1' ],
24 silly audit   clsx: [ '2.1.1' ],
24 silly audit   color: [ '4.2.3' ],
24 silly audit   'color-convert': [ '2.0.1' ],
24 silly audit   'color-name': [ '1.1.4' ],
24 silly audit   'color-string': [ '1.9.1' ],
24 silly audit   'combined-stream': [ '1.0.8' ],
24 silly audit   commander: [ '4.1.1' ],
24 silly audit   'concat-map': [ '0.0.1' ],
24 silly audit   cookie: [ '0.7.2' ],
24 silly audit   'cross-spawn': [ '7.0.6' ],
24 silly audit   cssesc: [ '3.0.0' ],
24 silly audit   csstype: [ '3.2.3' ],
24 silly audit   'damerau-levenshtein': [ '1.0.8' ],
24 silly audit   'data-uri-to-buffer': [ '4.0.1' ],
24 silly audit   'data-view-buffer': [ '1.0.2' ],
24 silly audit   'data-view-byte-length': [ '1.0.2' ],
24 silly audit   'data-view-byte-offset': [ '1.0.1' ],
24 silly audit   'date-fns': [ '4.1.0' ],
24 silly audit   debug: [ '4.4.3', '3.2.7' ],
24 silly audit   'deep-is': [ '0.1.4' ],
24 silly audit   'define-data-property': [ '1.1.4' ],
24 silly audit   'define-properties': [ '1.2.1' ],
24 silly audit   'delayed-stream': [ '1.0.0' ],
24 silly audit   'detect-libc': [ '2.1.2' ],
24 silly audit   didyoumean: [ '1.2.2' ],
24 silly audit   dlv: [ '1.1.3' ],
24 silly audit   doctrine: [ '2.1.0' ],
24 silly audit   'dunder-proto': [ '1.0.1' ],
24 silly audit   duplexify: [ '4.1.3' ],
24 silly audit   'ecdsa-sig-formatter': [ '1.0.11' ],
24 silly audit   'electron-to-chromium': [ '1.5.321' ],
24 silly audit   'emoji-regex': [ '9.2.2', '8.0.0' ],
24 silly audit   'end-of-stream': [ '1.4.5' ],
24 silly audit   'es-abstract': [ '1.24.1' ],
24 silly audit   'es-define-property': [ '1.0.1' ],
24 silly audit   'es-errors': [ '1.3.0' ],
24 silly audit   'es-iterator-helpers': [ '1.3.1' ],
24 silly audit   'es-object-atoms': [ '1.1.1' ],
24 silly audit   'es-set-tostringtag': [ '2.1.0' ],
24 silly audit   'es-shim-unscopables': [ '1.1.0' ],
24 silly audit   'es-to-primitive': [ '1.3.0' ],
24 silly audit   escalade: [ '3.2.0' ],
24 silly audit   'escape-string-regexp': [ '4.0.0' ],
24 silly audit   eslint: [ '9.39.4' ],
24 silly audit   'eslint-config-next': [ '15.1.0' ],
24 silly audit   'eslint-import-resolver-node': [ '0.3.9' ],
24 silly audit   'eslint-import-resolver-typescript': [ '3.10.1' ],
24 silly audit   'eslint-module-utils': [ '2.12.1' ],
24 silly audit   'eslint-plugin-import': [ '2.32.0' ],
24 silly audit   semver: [ '6.3.1', '7.7.4' ],
24 silly audit   'eslint-plugin-jsx-a11y': [ '6.10.2' ],
24 silly audit   'eslint-plugin-react': [ '7.37.5' ],
24 silly audit   'eslint-plugin-react-hooks': [ '5.2.0' ],
24 silly audit   resolve: [ '2.0.0-next.6', '1.22.11' ],
24 silly audit   'eslint-scope': [ '8.4.0' ],
24 silly audit   espree: [ '10.4.0' ],
24 silly audit   esquery: [ '1.7.0' ],
24 silly audit   esrecurse: [ '4.3.0' ],
24 silly audit   estraverse: [ '5.3.0' ],
24 silly audit   esutils: [ '2.0.3' ],
24 silly audit   'event-target-shim': [ '5.0.1' ],
24 silly audit   extend: [ '3.0.2' ],
24 silly audit   'farmhash-modern': [ '1.1.0' ],
24 silly audit   'fast-deep-equal': [ '3.1.3' ],
24 silly audit   'fast-glob': [ '3.3.1', '3.3.3' ],
24 silly audit   'fast-json-stable-stringify': [ '2.1.0' ],
24 silly audit   'fast-levenshtein': [ '2.0.6' ],
24 silly audit   'fast-xml-builder': [ '1.1.4' ],
24 silly audit   'fast-xml-parser': [ '5.5.6' ],
24 silly audit   fastq: [ '1.20.1' ],
24 silly audit   'faye-websocket': [ '0.11.4' ],
24 silly audit   fdir: [ '6.5.0' ],
24 silly audit   'fetch-blob': [ '3.2.0' ],
24 silly audit   'file-entry-cache': [ '8.0.0' ],
24 silly audit   'fill-range': [ '7.1.1' ],
24 silly audit   'find-up': [ '5.0.0' ],
24 silly audit   firebase: [ '12.10.0' ],
24 silly audit   'firebase-admin': [ '13.7.0' ],
24 silly audit   'flat-cache': [ '4.0.1' ],
24 silly audit   flatted: [ '3.4.2' ],
24 silly audit   'for-each': [ '0.3.5' ],
24 silly audit   'form-data': [ '2.5.5' ],
24 silly audit   'formdata-polyfill': [ '4.0.10' ],
24 silly audit   'fraction.js': [ '5.3.4' ],
24 silly audit   'framer-motion': [ '11.18.2' ],
24 silly audit   fsevents: [ '2.3.3' ],
24 silly audit   'function-bind': [ '1.1.2' ],
24 silly audit   'function.prototype.name': [ '1.1.8' ],
24 silly audit   'functional-red-black-tree': [ '1.0.1' ],
24 silly audit   'functions-have-names': [ '1.2.3' ],
24 silly audit   gaxios: [ '6.7.1', '7.1.4' ],
24 silly audit   'node-fetch': [ '3.3.2', '2.7.0' ],
24 silly audit   'generator-function': [ '2.0.1' ],
24 silly audit   'get-caller-file': [ '2.0.5' ],
24 silly audit   'get-intrinsic': [ '1.3.0' ],
24 silly audit   'get-proto': [ '1.0.1' ],
24 silly audit   'get-symbol-description': [ '1.1.0' ],
24 silly audit   'get-tsconfig': [ '4.13.6' ],
24 silly audit   globals: [ '14.0.0' ],
24 silly audit   globalthis: [ '1.0.4' ],
24 silly audit   'google-gax': [ '4.6.1' ],
24 silly audit   gopd: [ '1.2.0' ],
24 silly audit   gtoken: [ '7.1.0' ],
24 silly audit   'has-bigints': [ '1.1.0' ],
24 silly audit   'has-flag': [ '4.0.0' ],
24 silly audit   'has-property-descriptors': [ '1.0.2' ],
24 silly audit   'has-proto': [ '1.2.0' ],
24 silly audit   'has-symbols': [ '1.1.0' ],
24 silly audit   'has-tostringtag': [ '1.0.2' ],
24 silly audit   hasown: [ '2.0.2' ],
24 silly audit   'html-entities': [ '2.6.0' ],
24 silly audit   'http-parser-js': [ '0.5.10' ],
24 silly audit   'http-proxy-agent': [ '5.0.0' ],
24 silly audit   'https-proxy-agent': [ '7.0.6', '5.0.1' ],
24 silly audit   'iceberg-js': [ '0.8.1' ],
24 silly audit   idb: [ '7.1.1' ],
24 silly audit   'import-fresh': [ '3.3.1' ],
24 silly audit   imurmurhash: [ '0.1.4' ],
24 silly audit   inherits: [ '2.0.4' ],
24 silly audit   'internal-slot': [ '1.1.0' ],
24 silly audit   'is-array-buffer': [ '3.0.5' ],
24 silly audit   'is-arrayish': [ '0.3.4' ],
24 silly audit   'is-async-function': [ '2.1.1' ],
24 silly audit   'is-bigint': [ '1.1.0' ],
24 silly audit   'is-binary-path': [ '2.1.0' ],
24 silly audit   'is-boolean-object': [ '1.2.2' ],
24 silly audit   'is-bun-module': [ '2.0.0' ],
24 silly audit   'is-callable': [ '1.2.7' ],
24 silly audit   'is-core-module': [ '2.16.1' ],
24 silly audit   'is-data-view': [ '1.0.2' ],
24 silly audit   'is-date-object': [ '1.1.0' ],
24 silly audit   'is-extglob': [ '2.1.1' ],
24 silly audit   'is-finalizationregistry': [ '1.1.1' ],
24 silly audit   'is-fullwidth-code-point': [ '3.0.0' ],
24 silly audit   'is-generator-function': [ '1.1.2' ],
24 silly audit   'is-glob': [ '4.0.3' ],
24 silly audit   'is-map': [ '2.0.3' ],
24 silly audit   'is-negative-zero': [ '2.0.3' ],
24 silly audit   'is-number': [ '7.0.0' ],
24 silly audit   'is-number-object': [ '1.1.1' ],
24 silly audit   'is-regex': [ '1.2.1' ],
24 silly audit   'is-set': [ '2.0.3' ],
24 silly audit   'is-shared-array-buffer': [ '1.0.4' ],
24 silly audit   'is-stream': [ '2.0.1' ],
24 silly audit   'is-string': [ '1.1.1' ],
24 silly audit   'is-symbol': [ '1.1.1' ],
24 silly audit   'is-typed-array': [ '1.1.15' ],
24 silly audit   'is-weakmap': [ '2.0.2' ],
24 silly audit   'is-weakref': [ '1.1.1' ],
24 silly audit   'is-weakset': [ '2.0.4' ],
24 silly audit   isarray: [ '2.0.5' ],
24 silly audit   isexe: [ '2.0.0' ],
24 silly audit   'iterator.prototype': [ '1.1.5' ],
24 silly audit   jiti: [ '1.21.7' ],
24 silly audit   jose: [ '4.15.9' ],
24 silly audit   'js-tokens': [ '4.0.0' ],
24 silly audit   'js-yaml': [ '4.1.1' ],
24 silly audit   'json-bigint': [ '1.0.0' ],
24 silly audit   'json-buffer': [ '3.0.1' ],
24 silly audit   'json-schema-traverse': [ '0.4.1' ],
24 silly audit   'json-stable-stringify-without-jsonify': [ '1.0.1' ],
24 silly audit   json5: [ '1.0.2' ],
24 silly audit   jsonwebtoken: [ '9.0.3' ],
24 silly audit   'jsx-ast-utils': [ '3.3.5' ],
24 silly audit   jwa: [ '2.0.1' ],
24 silly audit   'jwks-rsa': [ '3.2.2' ],
24 silly audit   jws: [ '4.0.1' ],
24 silly audit   keyv: [ '4.5.4' ],
24 silly audit   'language-subtag-registry': [ '0.3.23' ],
24 silly audit   'language-tags': [ '1.0.9' ],
24 silly audit   levn: [ '0.4.1' ],
24 silly audit   lilconfig: [ '3.1.3' ],
24 silly audit   limiter: [ '1.1.5' ],
24 silly audit   'lines-and-columns': [ '1.2.4' ],
24 silly audit   'locate-path': [ '6.0.0' ],
24 silly audit   'lodash.camelcase': [ '4.3.0' ],
24 silly audit   'lodash.clonedeep': [ '4.5.0' ],
24 silly audit   'lodash.includes': [ '4.3.0' ],
24 silly audit   'lodash.isboolean': [ '3.0.3' ],
24 silly audit   'lodash.isinteger': [ '4.0.4' ],
24 silly audit   'lodash.isnumber': [ '3.0.3' ],
24 silly audit   'lodash.isplainobject': [ '4.0.6' ],
24 silly audit   'lodash.isstring': [ '4.0.1' ],
24 silly audit   'lodash.merge': [ '4.6.2' ],
24 silly audit   'lodash.once': [ '4.1.1' ],
24 silly audit   long: [ '5.3.2' ],
24 silly audit   'loose-envify': [ '1.4.0' ],
24 silly audit   'lru-cache': [ '6.0.0' ],
24 silly audit   'lru-memoizer': [ '2.3.0' ],
24 silly audit   'lucide-react': [ '0.468.0' ],
24 silly audit   'math-intrinsics': [ '1.1.0' ],
24 silly audit   merge2: [ '1.4.1' ],
24 silly audit   micromatch: [ '4.0.8' ],
24 silly audit   mime: [ '3.0.0' ],
24 silly audit   'mime-db': [ '1.52.0' ],
24 silly audit   'mime-types': [ '2.1.35' ],
24 silly audit   minimist: [ '1.2.8' ],
24 silly audit   'motion-dom': [ '11.18.1' ],
24 silly audit   'motion-utils': [ '11.18.1' ],
24 silly audit   ms: [ '2.1.3' ],
24 silly audit   mz: [ '2.7.0' ],
24 silly audit   nanoid: [ '3.3.11' ],
24 silly audit   'napi-postinstall': [ '0.3.4' ],
24 silly audit   'natural-compare': [ '1.4.0' ],
24 silly audit   next: [ '15.1.0' ],
24 silly audit   postcss: [ '8.4.31', '8.5.8' ],
24 silly audit   'node-domexception': [ '1.0.0' ],
24 silly audit   'node-exports-info': [ '1.6.0' ],
24 silly audit   'node-forge': [ '1.3.3' ],
24 silly audit   'node-releases': [ '2.0.36' ],
24 silly audit   'normalize-path': [ '3.0.0' ],
24 silly audit   'object-assign': [ '4.1.1' ],
24 silly audit   'object-hash': [ '3.0.0' ],
24 silly audit   'object-inspect': [ '1.13.4' ],
24 silly audit   'object-keys': [ '1.1.1' ],
24 silly audit   'object.assign': [ '4.1.7' ],
24 silly audit   'object.entries': [ '1.1.9' ],
24 silly audit   'object.fromentries': [ '2.0.8' ],
24 silly audit   'object.groupby': [ '1.0.3' ],
24 silly audit   'object.values': [ '1.2.1' ],
24 silly audit   once: [ '1.4.0' ],
24 silly audit   optionator: [ '0.9.4' ],
24 silly audit   'own-keys': [ '1.0.1' ],
24 silly audit   'p-limit': [ '3.1.0' ],
24 silly audit   'p-locate': [ '5.0.0' ],
24 silly audit   'parent-module': [ '1.0.1' ],
24 silly audit   'path-exists': [ '4.0.0' ],
24 silly audit   'path-expression-matcher': [ '1.1.3' ],
24 silly audit   'path-key': [ '3.1.1' ],
24 silly audit   'path-parse': [ '1.0.7' ],
24 silly audit   picocolors: [ '1.1.1' ],
24 silly audit   pify: [ '2.3.0' ],
24 silly audit   pirates: [ '4.0.7' ],
24 silly audit   'possible-typed-array-names': [ '1.1.0' ],
24 silly audit   'postcss-import': [ '15.1.0' ],
24 silly audit   'postcss-js': [ '4.1.0' ],
24 silly audit   'postcss-load-config': [ '6.0.1' ],
24 silly audit   'postcss-nested': [ '6.2.0' ],
24 silly audit   'postcss-selector-parser': [ '6.1.2' ],
24 silly audit   'postcss-value-parser': [ '4.2.0' ],
24 silly audit   'prelude-ls': [ '1.2.1' ],
24 silly audit   'prop-types': [ '15.8.1' ],
24 silly audit   'proto3-json-serializer': [ '2.0.2' ],
24 silly audit   protobufjs: [ '7.5.4' ],
24 silly audit   punycode: [ '2.3.1' ],
24 silly audit   'queue-microtask': [ '1.2.3' ],
24 silly audit   react: [ '19.0.0' ],
24 silly audit   'react-dom': [ '19.0.0' ],
24 silly audit   'react-is': [ '16.13.1' ],
24 silly audit   'read-cache': [ '1.0.0' ],
24 silly audit   'readable-stream': [ '3.6.2' ],
24 silly audit   readdirp: [ '3.6.0' ],
24 silly audit   'reflect.getprototypeof': [ '1.0.10' ],
24 silly audit   'regexp.prototype.flags': [ '1.5.4' ],
24 silly audit   'require-directory': [ '2.1.1' ],
24 silly audit   'resolve-from': [ '4.0.0' ],
24 silly audit   'resolve-pkg-maps': [ '1.0.0' ],
24 silly audit   retry: [ '0.13.1' ],
24 silly audit   'retry-request': [ '7.0.2' ],
24 silly audit   reusify: [ '1.1.0' ],
24 silly audit   'run-parallel': [ '1.2.0' ],
24 silly audit   'safe-array-concat': [ '1.1.3' ],
24 silly audit   'safe-buffer': [ '5.2.1' ],
24 silly audit   'safe-push-apply': [ '1.0.0' ],
24 silly audit   'safe-regex-test': [ '1.1.0' ],
24 silly audit   scheduler: [ '0.25.0' ],
24 silly audit   'set-function-length': [ '1.2.2' ],
24 silly audit   'set-function-name': [ '2.0.2' ],
24 silly audit   'set-proto': [ '1.0.0' ],
24 silly audit   sharp: [ '0.33.5' ],
24 silly audit   'shebang-command': [ '2.0.0' ],
24 silly audit   'shebang-regex': [ '3.0.0' ],
24 silly audit   'side-channel': [ '1.1.0' ],
24 silly audit   'side-channel-list': [ '1.0.0' ],
24 silly audit   'side-channel-map': [ '1.0.1' ],
24 silly audit   'side-channel-weakmap': [ '1.0.2' ],
24 silly audit   'simple-swizzle': [ '0.2.4' ],
24 silly audit   'source-map-js': [ '1.2.1' ],
24 silly audit   'stable-hash': [ '0.0.5' ],
24 silly audit   'stop-iteration-iterator': [ '1.1.0' ],
24 silly audit   'stream-events': [ '1.0.5' ],
24 silly audit   'stream-shift': [ '1.0.3' ],
24 silly audit   streamsearch: [ '1.1.0' ],
24 silly audit   string_decoder: [ '1.3.0' ],
24 silly audit   'string-width': [ '4.2.3' ],
24 silly audit   'string.prototype.includes': [ '2.0.1' ],
24 silly audit   'string.prototype.matchall': [ '4.0.12' ],
24 silly audit   'string.prototype.repeat': [ '1.0.0' ],
24 silly audit   'string.prototype.trim': [ '1.2.10' ],
24 silly audit   'string.prototype.trimend': [ '1.0.9' ],
24 silly audit   'string.prototype.trimstart': [ '1.0.8' ],
24 silly audit   'strip-ansi': [ '6.0.1' ],
24 silly audit   'strip-bom': [ '3.0.0' ],
24 silly audit   'strip-json-comments': [ '3.1.1' ],
24 silly audit   strnum: [ '2.2.1' ],
24 silly audit   stubs: [ '3.0.0' ],
24 silly audit   'styled-jsx': [ '5.1.6' ],
24 silly audit   sucrase: [ '3.35.1' ],
24 silly audit   'supports-color': [ '7.2.0' ],
24 silly audit   'supports-preserve-symlinks-flag': [ '1.0.0' ],
24 silly audit   'tailwind-merge': [ '2.6.1' ],
24 silly audit   tailwindcss: [ '3.4.19' ],
24 silly audit   'teeny-request': [ '9.0.0' ],
24 silly audit   thenify: [ '3.3.1' ],
24 silly audit   'thenify-all': [ '1.6.0' ],
24 silly audit   tinyglobby: [ '0.2.15' ],
24 silly audit   'to-regex-range': [ '5.0.1' ],
24 silly audit   tr46: [ '0.0.3' ],
24 silly audit   'ts-api-utils': [ '2.5.0' ],
24 silly audit   'ts-interface-checker': [ '0.1.13' ],
24 silly audit   'tsconfig-paths': [ '3.15.0' ],
24 silly audit   tslib: [ '2.8.1' ],
24 silly audit   'type-check': [ '0.4.0' ],
24 silly audit   'typed-array-buffer': [ '1.0.3' ],
24 silly audit   'typed-array-byte-length': [ '1.0.3' ],
24 silly audit   'typed-array-byte-offset': [ '1.0.4' ],
24 silly audit   'typed-array-length': [ '1.0.7' ],
24 silly audit   typescript: [ '5.9.3' ],
24 silly audit   'unbox-primitive': [ '1.1.0' ],
24 silly audit   'undici-types': [ '6.21.0' ],
24 silly audit   'unrs-resolver': [ '1.11.1' ],
24 silly audit   'update-browserslist-db': [ '1.2.3' ],
24 silly audit   'uri-js': [ '4.4.1' ],
24 silly audit   'util-deprecate': [ '1.0.2' ],
24 silly audit   'web-streams-polyfill': [ '3.3.3' ],
24 silly audit   'web-vitals': [ '4.2.4' ],
24 silly audit   'webidl-conversions': [ '3.0.1' ],
24 silly audit   'websocket-driver': [ '0.7.4' ],
24 silly audit   'websocket-extensions': [ '0.1.4' ],
24 silly audit   'whatwg-url': [ '5.0.0' ],
24 silly audit   which: [ '2.0.2' ],
24 silly audit   'which-boxed-primitive': [ '1.1.1' ],
24 silly audit   'which-builtin-type': [ '1.2.1' ],
24 silly audit   'which-collection': [ '1.0.2' ],
24 silly audit   'which-typed-array': [ '1.1.20' ],
24 silly audit   'word-wrap': [ '1.2.5' ],
24 silly audit   'wrap-ansi': [ '7.0.0' ],
24 silly audit   wrappy: [ '1.0.2' ],
24 silly audit   ws: [ '8.19.0' ],
24 silly audit   y18n: [ '5.0.8' ],
24 silly audit   yallist: [ '4.0.0' ],
24 silly audit   yargs: [ '17.7.2' ],
24 silly audit   'yargs-parser': [ '21.1.1' ],
24 silly audit   'yocto-queue': [ '0.1.0' ],
24 silly audit   'qrcode.react': [ '4.2.0' ]
24 silly audit }
25 verbose reify failed optional dependency /Users/sachingopalakrishnan/Downloads/mr_mrs_waffles(client.1)/node_modules/@unrs/resolver-binding-win32-x64-msvc
26 silly reify mark deleted [
26 silly reify   '/Users/sachingopalakrishnan/Downloads/mr_mrs_waffles(client.1)/node_modules/@unrs/resolver-binding-win32-x64-msvc'
26 silly reify ]
27 verbose reify failed optional dependency /Users/sachingopalakrishnan/Downloads/mr_mrs_waffles(client.1)/node_modules/@unrs/resolver-binding-win32-ia32-msvc
28 silly reify mark deleted [
28 silly reify   '/Users/sachingopalakrishnan/Downloads/mr_mrs_waffles(client.1)/node_modules/@unrs/resolver-binding-win32-ia32-msvc'
28 silly reify ]
29 verbose reify failed optional dependency /Users/sachingopalakrishnan/Downloads/mr_mrs_waffles(client.1)/node_modules/@unrs/resolver-binding-win32-arm64-msvc
30 silly reify mark deleted [
30 silly reify   '/Users/sachingopalakrishnan/Downloads/mr_mrs_waffles(client.1)/node_modules/@unrs/resolver-binding-win32-arm64-msvc'
30 silly reify ]
31 verbose reify failed optional dependency /Users/sachingopalakrishnan/Downloads/mr_mrs_waffles(client.1)/node_modules/@unrs/resolver-binding-wasm32-wasi
32 silly reify mark deleted [
32 silly reify   '/Users/sachingopalakrishnan/Downloads/mr_mrs_waffles(client.1)/node_modules/@unrs/resolver-binding-wasm32-wasi'
32 silly reify ]
33 verbose reify failed optional dependency /Users/sachingopalakrishnan/Downloads/mr_mrs_waffles(client.1)/node_modules/@napi-rs/wasm-runtime
34 silly reify mark deleted [
34 silly reify   '/Users/sachingopalakrishnan/Downloads/mr_mrs_waffles(client.1)/node_modules/@napi-rs/wasm-runtime'
34 silly reify ]
35 verbose reify failed optional dependency /Users/sachingopalakrishnan/Downloads/mr_mrs_waffles(client.1)/node_modules/@emnapi/core
36 silly reify mark deleted [
36 silly reify   '/Users/sachingopalakrishnan/Downloads/mr_mrs_waffles(client.1)/node_modules/@emnapi/core'
36 silly reify ]
37 verbose reify failed optional dependency /Users/sachingopalakrishnan/Downloads/mr_mrs_waffles(client.1)/node_modules/@tybys/wasm-util
38 silly reify mark deleted [
38 silly reify   '/Users/sachingopalakrishnan/Downloads/mr_mrs_waffles(client.1)/node_modules/@tybys/wasm-util'
38 silly reify ]
39 verbose reify failed optional dependency /Users/sachingopalakrishnan/Downloads/mr_mrs_waffles(client.1)/node_modules/@emnapi/wasi-threads
40 silly reify mark deleted [
40 silly reify   '/Users/sachingopalakrishnan/Downloads/mr_mrs_waffles(client.1)/node_modules/@emnapi/wasi-threads'
40 silly reify ]
41 verbose reify failed optional dependency /Users/sachingopalakrishnan/Downloads/mr_mrs_waffles(client.1)/node_modules/@unrs/resolver-binding-linux-x64-musl
42 silly reify mark deleted [
42 silly reify   '/Users/sachingopalakrishnan/Downloads/mr_mrs_waffles(client.1)/node_modules/@unrs/resolver-binding-linux-x64-musl'
42 silly reify ]
43 verbose reify failed optional dependency /Users/sachingopalakrishnan/Downloads/mr_mrs_waffles(client.1)/node_modules/@unrs/resolver-binding-linux-x64-gnu
44 silly reify mark deleted [
44 silly reify   '/Users/sachingopalakrishnan/Downloads/mr_mrs_waffles(client.1)/node_modules/@unrs/resolver-binding-linux-x64-gnu'
44 silly reify ]
45 verbose reify failed optional dependency /Users/sachingopalakrishnan/Downloads/mr_mrs_waffles(client.1)/node_modules/@unrs/resolver-binding-linux-s390x-gnu
46 silly reify mark deleted [
46 silly reify   '/Users/sachingopalakrishnan/Downloads/mr_mrs_waffles(client.1)/node_modules/@unrs/resolver-binding-linux-s390x-gnu'
46 silly reify ]
47 verbose reify failed optional dependency /Users/sachingopalakrishnan/Downloads/mr_mrs_waffles(client.1)/node_modules/@unrs/resolver-binding-linux-riscv64-musl
48 silly reify mark deleted [
48 silly reify   '/Users/sachingopalakrishnan/Downloads/mr_mrs_waffles(client.1)/node_modules/@unrs/resolver-binding-linux-riscv64-musl'
48 silly reify ]
49 verbose reify failed optional dependency /Users/sachingopalakrishnan/Downloads/mr_mrs_waffles(client.1)/node_modules/@unrs/resolver-binding-linux-riscv64-gnu
50 silly reify mark deleted [
50 silly reify   '/Users/sachingopalakrishnan/Downloads/mr_mrs_waffles(client.1)/node_modules/@unrs/resolver-binding-linux-riscv64-gnu'
50 silly reify ]
51 verbose reify failed optional dependency /Users/sachingopalakrishnan/Downloads/mr_mrs_waffles(client.1)/node_modules/@unrs/resolver-binding-linux-ppc64-gnu
52 silly reify mark deleted [
52 silly reify   '/Users/sachingopalakrishnan/Downloads/mr_mrs_waffles(client.1)/node_modules/@unrs/resolver-binding-linux-ppc64-gnu'
52 silly reify ]
53 verbose reify failed optional dependency /Users/sachingopalakrishnan/Downloads/mr_mrs_waffles(client.1)/node_modules/@unrs/resolver-binding-linux-arm64-musl
54 silly reify mark deleted [
54 silly reify   '/Users/sachingopalakrishnan/Downloads/mr_mrs_waffles(client.1)/node_modules/@unrs/resolver-binding-linux-arm64-musl'
54 silly reify ]
55 verbose reify failed optional dependency /Users/sachingopalakrishnan/Downloads/mr_mrs_waffles(client.1)/node_modules/@unrs/resolver-binding-linux-arm64-gnu
56 silly reify mark deleted [
56 silly reify   '/Users/sachingopalakrishnan/Downloads/mr_mrs_waffles(client.1)/node_modules/@unrs/resolver-binding-linux-arm64-gnu'
56 silly reify ]
57 verbose reify failed optional dependency /Users/sachingopalakrishnan/Downloads/mr_mrs_waffles(client.1)/node_modules/@unrs/resolver-binding-linux-arm-musleabihf
58 silly reify mark deleted [
58 silly reify   '/Users/sachingopalakrishnan/Downloads/mr_mrs_waffles(client.1)/node_modules/@unrs/resolver-binding-linux-arm-musleabihf'
58 silly reify ]
59 verbose reify failed optional dependency /Users/sachingopalakrishnan/Downloads/mr_mrs_waffles(client.1)/node_modules/@unrs/resolver-binding-linux-arm-gnueabihf
60 silly reify mark deleted [
60 silly reify   '/Users/sachingopalakrishnan/Downloads/mr_mrs_waffles(client.1)/node_modules/@unrs/resolver-binding-linux-arm-gnueabihf'
60 silly reify ]
61 verbose reify failed optional dependency /Users/sachingopalakrishnan/Downloads/mr_mrs_waffles(client.1)/node_modules/@unrs/resolver-binding-freebsd-x64
62 silly reify mark deleted [
62 silly reify   '/Users/sachingopalakrishnan/Downloads/mr_mrs_waffles(client.1)/node_modules/@unrs/resolver-binding-freebsd-x64'
62 silly reify ]
63 verbose reify failed optional dependency /Users/sachingopalakrishnan/Downloads/mr_mrs_waffles(client.1)/node_modules/@unrs/resolver-binding-darwin-x64
64 silly reify mark deleted [
64 silly reify   '/Users/sachingopalakrishnan/Downloads/mr_mrs_waffles(client.1)/node_modules/@unrs/resolver-binding-darwin-x64'
64 silly reify ]
65 verbose reify failed optional dependency /Users/sachingopalakrishnan/Downloads/mr_mrs_waffles(client.1)/node_modules/@unrs/resolver-binding-android-arm64
66 silly reify mark deleted [
66 silly reify   '/Users/sachingopalakrishnan/Downloads/mr_mrs_waffles(client.1)/node_modules/@unrs/resolver-binding-android-arm64'
66 silly reify ]
67 verbose reify failed optional dependency /Users/sachingopalakrishnan/Downloads/mr_mrs_waffles(client.1)/node_modules/@unrs/resolver-binding-android-arm-eabi
68 silly reify mark deleted [
68 silly reify   '/Users/sachingopalakrishnan/Downloads/mr_mrs_waffles(client.1)/node_modules/@unrs/resolver-binding-android-arm-eabi'
68 silly reify ]
69 verbose reify failed optional dependency /Users/sachingopalakrishnan/Downloads/mr_mrs_waffles(client.1)/node_modules/@next/swc-win32-x64-msvc
70 silly reify mark deleted [
70 silly reify   '/Users/sachingopalakrishnan/Downloads/mr_mrs_waffles(client.1)/node_modules/@next/swc-win32-x64-msvc'
70 silly reify ]
71 verbose reify failed optional dependency /Users/sachingopalakrishnan/Downloads/mr_mrs_waffles(client.1)/node_modules/@next/swc-win32-arm64-msvc
72 silly reify mark deleted [
72 silly reify   '/Users/sachingopalakrishnan/Downloads/mr_mrs_waffles(client.1)/node_modules/@next/swc-win32-arm64-msvc'
72 silly reify ]
73 verbose reify failed optional dependency /Users/sachingopalakrishnan/Downloads/mr_mrs_waffles(client.1)/node_modules/@next/swc-linux-x64-musl
74 silly reify mark deleted [
74 silly reify   '/Users/sachingopalakrishnan/Downloads/mr_mrs_waffles(client.1)/node_modules/@next/swc-linux-x64-musl'
74 silly reify ]
75 verbose reify failed optional dependency /Users/sachingopalakrishnan/Downloads/mr_mrs_waffles(client.1)/node_modules/@next/swc-linux-x64-gnu
76 silly reify mark deleted [
76 silly reify   '/Users/sachingopalakrishnan/Downloads/mr_mrs_waffles(client.1)/node_modules/@next/swc-linux-x64-gnu'
76 silly reify ]
77 verbose reify failed optional dependency /Users/sachingopalakrishnan/Downloads/mr_mrs_waffles(client.1)/node_modules/@next/swc-linux-arm64-musl
78 silly reify mark deleted [
78 silly reify   '/Users/sachingopalakrishnan/Downloads/mr_mrs_waffles(client.1)/node_modules/@next/swc-linux-arm64-musl'
78 silly reify ]
79 verbose reify failed optional dependency /Users/sachingopalakrishnan/Downloads/mr_mrs_waffles(client.1)/node_modules/@next/swc-linux-arm64-gnu
80 silly reify mark deleted [
80 silly reify   '/Users/sachingopalakrishnan/Downloads/mr_mrs_waffles(client.1)/node_modules/@next/swc-linux-arm64-gnu'
80 silly reify ]
81 verbose reify failed optional dependency /Users/sachingopalakrishnan/Downloads/mr_mrs_waffles(client.1)/node_modules/@next/swc-darwin-x64
82 silly reify mark deleted [
82 silly reify   '/Users/sachingopalakrishnan/Downloads/mr_mrs_waffles(client.1)/node_modules/@next/swc-darwin-x64'
82 silly reify ]
83 verbose reify failed optional dependency /Users/sachingopalakrishnan/Downloads/mr_mrs_waffles(client.1)/node_modules/@img/sharp-win32-x64
84 silly reify mark deleted [
84 silly reify   '/Users/sachingopalakrishnan/Downloads/mr_mrs_waffles(client.1)/node_modules/@img/sharp-win32-x64'
84 silly reify ]
85 verbose reify failed optional dependency /Users/sachingopalakrishnan/Downloads/mr_mrs_waffles(client.1)/node_modules/@img/sharp-win32-ia32
86 silly reify mark deleted [
86 silly reify   '/Users/sachingopalakrishnan/Downloads/mr_mrs_waffles(client.1)/node_modules/@img/sharp-win32-ia32'
86 silly reify ]
87 verbose reify failed optional dependency /Users/sachingopalakrishnan/Downloads/mr_mrs_waffles(client.1)/node_modules/@img/sharp-wasm32
88 silly reify mark deleted [
88 silly reify   '/Users/sachingopalakrishnan/Downloads/mr_mrs_waffles(client.1)/node_modules/@img/sharp-wasm32'
88 silly reify ]
89 verbose reify failed optional dependency /Users/sachingopalakrishnan/Downloads/mr_mrs_waffles(client.1)/node_modules/@img/sharp-linuxmusl-x64
90 silly reify mark deleted [
90 silly reify   '/Users/sachingopalakrishnan/Downloads/mr_mrs_waffles(client.1)/node_modules/@img/sharp-linuxmusl-x64'
90 silly reify ]
91 verbose reify failed optional dependency /Users/sachingopalakrishnan/Downloads/mr_mrs_waffles(client.1)/node_modules/@img/sharp-linuxmusl-arm64
92 silly reify mark deleted [
92 silly reify   '/Users/sachingopalakrishnan/Downloads/mr_mrs_waffles(client.1)/node_modules/@img/sharp-linuxmusl-arm64'
92 silly reify ]
93 verbose reify failed optional dependency /Users/sachingopalakrishnan/Downloads/mr_mrs_waffles(client.1)/node_modules/@img/sharp-linux-x64
94 silly reify mark deleted [
94 silly reify   '/Users/sachingopalakrishnan/Downloads/mr_mrs_waffles(client.1)/node_modules/@img/sharp-linux-x64'
94 silly reify ]
95 verbose reify failed optional dependency /Users/sachingopalakrishnan/Downloads/mr_mrs_waffles(client.1)/node_modules/@img/sharp-linux-s390x
96 silly reify mark deleted [
96 silly reify   '/Users/sachingopalakrishnan/Downloads/mr_mrs_waffles(client.1)/node_modules/@img/sharp-linux-s390x'
96 silly reify ]
97 verbose reify failed optional dependency /Users/sachingopalakrishnan/Downloads/mr_mrs_waffles(client.1)/node_modules/@img/sharp-linux-arm64
98 silly reify mark deleted [
98 silly reify   '/Users/sachingopalakrishnan/Downloads/mr_mrs_waffles(client.1)/node_modules/@img/sharp-linux-arm64'
98 silly reify ]
99 verbose reify failed optional dependency /Users/sachingopalakrishnan/Downloads/mr_mrs_waffles(client.1)/node_modules/@img/sharp-linux-arm
100 silly reify mark deleted [
100 silly reify   '/Users/sachingopalakrishnan/Downloads/mr_mrs_waffles(client.1)/node_modules/@img/sharp-linux-arm'
100 silly reify ]
101 verbose reify failed optional dependency /Users/sachingopalakrishnan/Downloads/mr_mrs_waffles(client.1)/node_modules/@img/sharp-libvips-linuxmusl-x64
102 silly reify mark deleted [
102 silly reify   '/Users/sachingopalakrishnan/Downloads/mr_mrs_waffles(client.1)/node_modules/@img/sharp-libvips-linuxmusl-x64'
102 silly reify ]
103 verbose reify failed optional dependency /Users/sachingopalakrishnan/Downloads/mr_mrs_waffles(client.1)/node_modules/@img/sharp-libvips-linuxmusl-arm64
104 silly reify mark deleted [
104 silly reify   '/Users/sachingopalakrishnan/Downloads/mr_mrs_waffles(client.1)/node_modules/@img/sharp-libvips-linuxmusl-arm64'
104 silly reify ]
105 verbose reify failed optional dependency /Users/sachingopalakrishnan/Downloads/mr_mrs_waffles(client.1)/node_modules/@img/sharp-libvips-linux-x64
106 silly reify mark deleted [
106 silly reify   '/Users/sachingopalakrishnan/Downloads/mr_mrs_waffles(client.1)/node_modules/@img/sharp-libvips-linux-x64'
106 silly reify ]
107 verbose reify failed optional dependency /Users/sachingopalakrishnan/Downloads/mr_mrs_waffles(client.1)/node_modules/@img/sharp-libvips-linux-s390x
108 silly reify mark deleted [
108 silly reify   '/Users/sachingopalakrishnan/Downloads/mr_mrs_waffles(client.1)/node_modules/@img/sharp-libvips-linux-s390x'
108 silly reify ]
109 verbose reify failed optional dependency /Users/sachingopalakrishnan/Downloads/mr_mrs_waffles(client.1)/node_modules/@img/sharp-libvips-linux-arm64
110 silly reify mark deleted [
110 silly reify   '/Users/sachingopalakrishnan/Downloads/mr_mrs_waffles(client.1)/node_modules/@img/sharp-libvips-linux-arm64'
110 silly reify ]
111 verbose reify failed optional dependency /Users/sachingopalakrishnan/Downloads/mr_mrs_waffles(client.1)/node_modules/@img/sharp-libvips-linux-arm
112 silly reify mark deleted [
112 silly reify   '/Users/sachingopalakrishnan/Downloads/mr_mrs_waffles(client.1)/node_modules/@img/sharp-libvips-linux-arm'
112 silly reify ]
113 verbose reify failed optional dependency /Users/sachingopalakrishnan/Downloads/mr_mrs_waffles(client.1)/node_modules/@img/sharp-libvips-darwin-x64
114 silly reify mark deleted [
114 silly reify   '/Users/sachingopalakrishnan/Downloads/mr_mrs_waffles(client.1)/node_modules/@img/sharp-libvips-darwin-x64'
114 silly reify ]
115 verbose reify failed optional dependency /Users/sachingopalakrishnan/Downloads/mr_mrs_waffles(client.1)/node_modules/@img/sharp-darwin-x64
116 silly reify mark deleted [
116 silly reify   '/Users/sachingopalakrishnan/Downloads/mr_mrs_waffles(client.1)/node_modules/@img/sharp-darwin-x64'
116 silly reify ]
117 http cache qrcode.react@https://registry.npmjs.org/qrcode.react/-/qrcode.react-4.2.0.tgz 0ms (cache hit)
118 http cache @napi-rs/wasm-runtime@https://registry.npmjs.org/@napi-rs/wasm-runtime/-/wasm-runtime-0.2.12.tgz 0ms (cache hit)
119 http cache @tybys/wasm-util@https://registry.npmjs.org/@tybys/wasm-util/-/wasm-util-0.10.1.tgz 0ms (cache hit)
120 http cache @emnapi/core@https://registry.npmjs.org/@emnapi/core/-/core-1.9.0.tgz 0ms (cache hit)
121 http cache @emnapi/wasi-threads@https://registry.npmjs.org/@emnapi/wasi-threads/-/wasi-threads-1.2.0.tgz 0ms (cache hit)
122 silly tarball no local data for qrcode.react@https://registry.npmjs.org/qrcode.react/-/qrcode.react-4.2.0.tgz. Extracting by manifest.
123 http fetch POST 200 https://registry.npmjs.org/-/npm/v1/security/advisories/bulk 324ms
124 silly audit report {
124 silly audit report   '@tootallnate/once': [
124 silly audit report     {
124 silly audit report       id: 1113977,
124 silly audit report       url: 'https://github.com/advisories/GHSA-vpq2-c234-7xj6',
124 silly audit report       title: '@tootallnate/once vulnerable to Incorrect Control Flow Scoping',
124 silly audit report       severity: 'low',
124 silly audit report       vulnerable_versions: '<3.0.1',
124 silly audit report       cwe: [Array],
124 silly audit report       cvss: [Object]
124 silly audit report     }
124 silly audit report   ],
124 silly audit report   next: [
124 silly audit report     {
124 silly audit report       id: 1101437,
124 silly audit report       url: 'https://github.com/advisories/GHSA-7m27-7ghc-44w9',
124 silly audit report       title: 'Next.js Allows a Denial of Service (DoS) with Server Actions',
124 silly audit report       severity: 'moderate',
124 silly audit report       vulnerable_versions: '>=15.0.0 <15.1.2',
124 silly audit report       cwe: [Array],
124 silly audit report       cvss: [Object]
124 silly audit report     },
124 silly audit report     {
124 silly audit report       id: 1105462,
124 silly audit report       url: 'https://github.com/advisories/GHSA-3h52-269p-cp9r',
124 silly audit report       title: 'Information exposure in Next.js dev server due to lack of origin verification',
124 silly audit report       severity: 'low',
124 silly audit report       vulnerable_versions: '>=15.0.0 <15.2.2',
124 silly audit report       cwe: [Array],
124 silly audit report       cvss: [Object]
124 silly audit report     },
124 silly audit report     {
124 silly audit report       id: 1105948,
124 silly audit report       url: 'https://github.com/advisories/GHSA-67rr-84xm-4c7r',
124 silly audit report       title: 'Next.JS vulnerability can lead to DoS via cache poisoning ',
124 silly audit report       severity: 'high',
124 silly audit report       vulnerable_versions: '>=15.0.4-canary.51 <15.1.8',
124 silly audit report       cwe: [Array],
124 silly audit report       cvss: [Object]
124 silly audit report     },
124 silly audit report     {
124 silly audit report       id: 1111367,
124 silly audit report       url: 'https://github.com/advisories/GHSA-9qr9-h5gf-34mp',
124 silly audit report       title: 'Next.js is vulnerable to RCE in React flight protocol',
124 silly audit report       severity: 'critical',
124 silly audit report       vulnerable_versions: '>=15.1.0-canary.0 <15.1.9',
124 silly audit report       cwe: [Array],
124 silly audit report       cvss: [Object]
124 silly audit report     },
124 silly audit report     {
124 silly audit report       id: 1107228,
124 silly audit report       url: 'https://github.com/advisories/GHSA-g5qg-72qw-gw5v',
124 silly audit report       title: 'Next.js Affected by Cache Key Confusion for Image Optimization API Routes',
124 silly audit report       severity: 'moderate',
124 silly audit report       vulnerable_versions: '>=15.0.0 <=15.4.4',
124 silly audit report       cwe: [Array],
124 silly audit report       cvss: [Object]
124 silly audit report     },
124 silly audit report     {
124 silly audit report       id: 1107514,
124 silly audit report       url: 'https://github.com/advisories/GHSA-xv57-4mr9-wg8v',
124 silly audit report       title: 'Next.js Content Injection Vulnerability for Image Optimization',
124 silly audit report       severity: 'moderate',
124 silly audit report       vulnerable_versions: '>=15.0.0 <=15.4.4',
124 silly audit report       cwe: [Array],
124 silly audit report       cvss: [Object]
124 silly audit report     },
124 silly audit report     {
124 silly audit report       id: 1107515,
124 silly audit report       url: 'https://github.com/advisories/GHSA-4342-x723-ch2f',
124 silly audit report       title: 'Next.js Improper Middleware Redirect Handling Leads to SSRF',
124 silly audit report       severity: 'moderate',
124 silly audit report       vulnerable_versions: '>=15.0.0-canary.0 <15.4.7',
124 silly audit report       cwe: [Array],
124 silly audit report       cvss: [Object]
124 silly audit report     },
124 silly audit report     {
124 silly audit report       id: 1108410,
124 silly audit report       url: 'https://github.com/advisories/GHSA-qpjv-v59x-3qc4',
124 silly audit report       title: 'Next.js Race Condition to Cache Poisoning',
124 silly audit report       severity: 'low',
124 silly audit report       vulnerable_versions: '>=15.0.0 <15.1.6',
124 silly audit report       cwe: [Array],
124 silly audit report       cvss: [Object]
124 silly audit report     },
124 silly audit report     {
124 silly audit report       id: 1112593,
124 silly audit report       url: 'https://github.com/advisories/GHSA-9g9p-9gw9-jx7f',
124 silly audit report       title: 'Next.js self-hosted applications vulnerable to DoS via Image Optimizer remotePatterns configuration',
124 silly audit report       severity: 'moderate',
124 silly audit report       vulnerable_versions: '>=10.0.0 <15.5.10',
124 silly audit report       cwe: [Array],
124 silly audit report       cvss: [Object]
124 silly audit report     },
124 silly audit report     {
124 silly audit report       id: 1113688,
124 silly audit report       url: 'https://github.com/advisories/GHSA-f82v-jwr5-mffw',
124 silly audit report       title: 'Authorization Bypass in Next.js Middleware',
124 silly audit report       severity: 'critical',
124 silly audit report       vulnerable_versions: '>=15.0.0 <15.2.3',
124 silly audit report       cwe: [Array],
124 silly audit report       cvss: [Object]
124 silly audit report     },
124 silly audit report     {
124 silly audit report       id: 1114753,
124 silly audit report       url: 'https://github.com/advisories/GHSA-3x4c-7xq6-9pq8',
124 silly audit report       title: 'Next.js: Unbounded next/image disk cache growth can exhaust storage',
124 silly audit report       severity: 'moderate',
124 silly audit report       vulnerable_versions: '>=10.0.0 <16.1.7',
124 silly audit report       cwe: [Array],
124 silly audit report       cvss: [Object]
124 silly audit report     },
124 silly audit report     {
124 silly audit report       id: 1114897,
124 silly audit report       url: 'https://github.com/advisories/GHSA-ggv3-7p47-pfv8',
124 silly audit report       title: 'Next.js: HTTP request smuggling in rewrites',
124 silly audit report       severity: 'moderate',
124 silly audit report       vulnerable_versions: '>=9.5.0 <15.5.13',
124 silly audit report       cwe: [Array],
124 silly audit report       cvss: [Object]
124 silly audit report     }
124 silly audit report   ]
124 silly audit report }
125 silly packumentCache corgi:https://registry.npmjs.org/@tootallnate%2fonce cache-miss
126 silly packumentCache corgi:https://registry.npmjs.org/next cache-miss
127 http fetch GET 200 https://registry.npmjs.org/qrcode.react/-/qrcode.react-4.2.0.tgz 326ms (cache miss)
128 http fetch GET 200 https://registry.npmjs.org/@tootallnate%2fonce 244ms (cache revalidated)
129 silly packumentCache corgi:https://registry.npmjs.org/@tootallnate%2fonce set size:10818 disposed:false
130 http fetch GET 200 https://registry.npmjs.org/next 970ms (cache revalidated)
131 silly packumentCache corgi:https://registry.npmjs.org/next set size:24363643 disposed:false
132 silly packumentCache corgi:https://registry.npmjs.org/http-proxy-agent cache-miss
133 http fetch GET 200 https://registry.npmjs.org/http-proxy-agent 86ms (cache revalidated)
134 silly packumentCache corgi:https://registry.npmjs.org/http-proxy-agent set size:23656 disposed:false
135 silly packumentCache corgi:https://registry.npmjs.org/teeny-request cache-miss
136 http fetch GET 200 https://registry.npmjs.org/teeny-request 72ms (cache revalidated)
137 silly packumentCache corgi:https://registry.npmjs.org/teeny-request set size:96743 disposed:false
138 silly packumentCache corgi:https://registry.npmjs.org/@google-cloud%2fstorage cache-miss
139 silly packumentCache corgi:https://registry.npmjs.org/retry-request cache-miss
140 http fetch GET 200 https://registry.npmjs.org/retry-request 89ms (cache revalidated)
141 silly packumentCache corgi:https://registry.npmjs.org/retry-request set size:40804 disposed:false
142 http fetch GET 200 https://registry.npmjs.org/@google-cloud%2fstorage 658ms (cache revalidated)
143 silly packumentCache corgi:https://registry.npmjs.org/@google-cloud%2fstorage set size:478103 disposed:false
144 silly packumentCache corgi:https://registry.npmjs.org/google-gax cache-miss
145 http fetch GET 200 https://registry.npmjs.org/google-gax 72ms (cache revalidated)
146 silly packumentCache corgi:https://registry.npmjs.org/google-gax set size:997085 disposed:false
147 silly packumentCache corgi:https://registry.npmjs.org/firebase-admin cache-miss
148 http fetch GET 200 https://registry.npmjs.org/firebase-admin 76ms (cache revalidated)
149 silly packumentCache corgi:https://registry.npmjs.org/firebase-admin set size:336229 disposed:false
150 silly packumentCache corgi:https://registry.npmjs.org/@google-cloud%2ffirestore cache-miss
151 http fetch GET 200 https://registry.npmjs.org/@google-cloud%2ffirestore 362ms (cache revalidated)
152 silly packumentCache corgi:https://registry.npmjs.org/@google-cloud%2ffirestore set size:326484 disposed:false
153 silly ADD node_modules/qrcode.react
154 silly ADD
155 silly ADD
156 silly ADD
157 silly ADD
158 silly ADD
159 silly ADD
160 silly ADD
161 silly ADD
162 silly ADD
163 silly ADD
164 silly ADD
165 silly ADD
166 silly ADD
167 silly ADD
168 silly ADD
169 silly ADD
170 silly ADD
171 silly ADD
172 silly ADD
173 silly ADD
174 silly ADD
175 silly ADD
176 silly ADD
177 silly ADD
178 silly ADD
179 silly ADD
180 silly ADD
181 silly ADD
182 silly ADD
183 silly ADD
184 silly ADD
185 silly ADD
186 silly ADD
187 silly ADD
188 silly ADD
189 silly ADD
190 silly ADD
191 silly ADD
192 silly ADD
193 silly ADD
194 silly ADD
195 silly ADD
196 silly ADD
197 silly ADD
198 silly ADD
199 silly ADD
200 verbose cwd /Users/sachingopalakrishnan/Downloads/mr_mrs_waffles(client.1)
201 verbose os Darwin 25.3.0
202 verbose node v22.17.0
203 verbose npm  v10.9.2
204 verbose exit 0
205 info ok
